<?xml version="1.0" encoding="UTF-8"?>
<!-- Generated by org.testng.reporters.JUnitXMLReporter -->
<testsuite ignored="0" hostname="TeamSaam" failures="1" tests="19" name="Test1" time="63.0" errors="0" timestamp="2022-12-22T01:22:54 EST">
  <testcase classname="com.testng.AnnotationsEx" name="atest4" time="0.031">
    <failure type="java.lang.AssertionError" message="Testcase is Passed expected [true] but found [false]">
      <![CDATA[java.lang.AssertionError: Testcase is Passed expected [true] but found [false]
at com.testng.AnnotationsEx.atest4(AnnotationsEx.java:70)
at java.base/java.util.ArrayList.forEach(ArrayList.java:1511)
at java.base/java.util.concurrent.FutureTask.run(FutureTask.java:264)
at java.base/java.util.concurrent.ThreadPoolExecutor.runWorker(ThreadPoolExecutor.java:1136)
at java.base/java.util.concurrent.ThreadPoolExecutor$Worker.run(ThreadPoolExecutor.java:635)
at java.base/java.lang.Thread.run(Thread.java:833)
... Removed 20 stack frames]]>
    </failure>
  </testcase> <!-- atest4 -->
  <testcase classname="com.testng.AnnotationsEx" name="atest5" time="0.0">
    <skipped/>
  </testcase> <!-- atest5 -->
  <testcase classname="com.testng.AlertsEx" name="Alerts" time="2.693"/>
  <testcase classname="com.testng.FramesEx" name="Frames" time="7.152"/>
  <testcase classname="com.testng.ActionsEx" name="actions" time="12.899"/>
  <testcase classname="com.testng.ClickAndHoldEx" name="clickandhold" time="1.895"/>
  <testcase classname="com.testng.AnnotationsEx" name="ctest2" time="0.002"/>
  <testcase classname="com.testng.DropDownEx" name="dropdown" time="12.235"/>
  <testcase classname="com.testng.AnnotationsEx" name="dtest1" time="0.0"/>
  <testcase classname="com.testng.AnnotationsEx" name="dtest1" time="0.0"/>
  <testcase classname="com.testng.AnnotationsEx" name="dtest1" time="0.0"/>
  <testcase classname="com.testng.AnnotationsEx" name="dtest1" time="0.0"/>
  <testcase classname="com.testng.AnnotationsEx" name="dtest1" time="0.0"/>
  <testcase classname="com.testng.AnnotationsEx" name="dtest1" time="0.0"/>
  <testcase classname="com.testng.AnnotationsEx" name="dtest1" time="0.0"/>
  <testcase classname="com.testng.AnnotationsEx" name="dtest1" time="0.0"/>
  <testcase classname="com.testng.AnnotationsEx" name="dtest1" time="0.015"/>
  <testcase classname="com.testng.AnnotationsEx" name="dtest1" time="0.0"/>
  <testcase classname="com.testng.AnnotationsEx" name="btest3" time="0.0"/>
</testsuite> <!-- Test1 -->
